# ELBREAD: Elaboration process.
# ELBREAD: Elaboration time 0.0 [s].
acom $DSN/src/retragere_numerar.vhd
# Compile...
# File: c:\My_Designs\proiect\retragere numerar\src\retragere_numerar.vhd
# Compile Entity "RETRAGERE_NUMERAR"
# Entity `RETRAGERE_NUMERAR' has been skipped - no difference detected.
# Compile Architecture "ARH_RETRAGERE_NUMERAR" of Entity "RETRAGERE_NUMERAR"
# Compile success 0 Errors 0 Warnings  Analysis time :  0.1 [s]
asim -advdataflow  retragere_numerar arh_retragere_numerar
# ELBREAD: Elaboration process.
# ELBREAD: Elaboration time 0.0 [s].
# asim: Stack memory: 32MB
# asim: Retval memory: 32MB
# KERNEL: Main thread initiated.
# KERNEL: Kernel process initialization phase.
# KERNEL: Time resolution set to 1ps.
# ELAB2: Elaboration final pass...
# ELAB2: Create instances ...
# ELAB2: Create instances complete.
# ELAB2: Elaboration final pass complete - time: 0.3 [s].
# KERNEL: Kernel process initialization done.
# Allocation: Simulator allocated 2424 kB (elbread=1070 elab2=305 kernel=1049 sdf=0)
# 8:59 PM, Saturday, April 23, 2016
# Simulation has been initialized
# Selected Top-Level: retragere_numerar (arh_retragere_numerar)
run 20 ns
# KERNEL: stopped at time: 20 ns
# KERNEL: Simulation has finished. There are no more test vectors to simulate.
run 20 ns
# KERNEL: stopped at time: 40 ns
# KERNEL: Simulation has finished. There are no more test vectors to simulate.
run 20 ns
# Simulation has been stopped
acom $DSN/src/retragere_numerar.vhd
# Compile...
# File: c:\My_Designs\proiect\retragere numerar\src\retragere_numerar.vhd
# Compile Entity "RETRAGERE_NUMERAR"
# Compile Architecture "ARH_RETRAGERE_NUMERAR" of Entity "RETRAGERE_NUMERAR"
# Compile success 0 Errors 0 Warnings  Analysis time :  0.2 [s]
asim -advdataflow  retragere_numerar arh_retragere_numerar
# ELBREAD: Elaboration process.
# ELBREAD: Elaboration time 0.0 [s].
# asim: Stack memory: 32MB
# asim: Retval memory: 32MB
# KERNEL: Main thread initiated.
# KERNEL: Kernel process initialization phase.
# KERNEL: Time resolution set to 1ps.
# ELAB2: Elaboration final pass...
# ELAB2: Create instances ...
# ELAB2: Create instances complete.
# ELAB2: Elaboration final pass complete - time: 0.3 [s].
# KERNEL: Kernel process initialization done.
# Allocation: Simulator allocated 2424 kB (elbread=1070 elab2=305 kernel=1049 sdf=0)
# 9:12 PM, Saturday, April 23, 2016
# Simulation has been initialized
# Selected Top-Level: retragere_numerar (arh_retragere_numerar)
run 20 ns
# KERNEL: stopped at time: 20 ns
# KERNEL: Simulation has finished. There are no more test vectors to simulate.
# Simulation has been stopped
# Design: 9:47 PM, Saturday, April 23, 2016
# Design: Opening design "c:\My_Designs\proiect\introducere_numerar\introducere_numerar.adf"
# ELBREAD: Elaboration process.
# ELBREAD: Elaboration time 0.0 [s].
# Design: Design "introducere_numerar" has been set as active.
# Design Explorer: Shortcut to "c:\My_Designs\proiect\proiect.aws" design added.
